<?xml version="1.0" encoding="UTF-8"?>
<testsuite xmlns:xsi="http://www.w3.org/2001/XMLSchema-instance" xsi:noNamespaceSchemaLocation="https://maven.apache.org/surefire/maven-surefire-plugin/xsd/surefire-test-report.xsd" name="interfacedetector.AppTest" time="0.138" tests="7" errors="0" skipped="0" failures="0">
  <properties>
[...]
</properties>
  <testcase name="shapeIsInterface" classname="interfacedetector.AppTest" time="0.106"/>
  <testcase name="abstractShapeIsNotInterface" classname="interfacedetector.AppTest" time="0.001"/>
  <testcase name="hamburgerIsInterface" classname="interfacedetector.AppTest" time="0.002"/>
  <testcase name="animalIsInterface" classname="interfacedetector.AppTest" time="0.002"/>
  <testcase name="circleIsNotInterface" classname="interfacedetector.AppTest" time="0.01"/>
  <testcase name="rectangleIsNotInterface" classname="interfacedetector.AppTest" time="0.004"/>
  <testcase name="bigMacIsNotInterface" classname="interfacedetector.AppTest" time="0.002"/>
</testsuite>